<?xml version="1.0" encoding="utf-8"?>
<testsuite errors="0" failures="0" name="unittest.suite.TestSuite" tests="1" time="5.991"><testcase classname="rostest.runner.RosTest" name="testbasic_test" time="5.9906" /><system-out>&lt;![CDATA[
[ROSTEST]setup[/home/clover/catkin_ws/src/clover/clover/test/basic.test] run_id[e95f7c5c-d8c5-11ed-86ec-4d218940b1cd] starting
&amp;#x001B;[1mstarted roslaunch server http://ubuntu:43815/&amp;#x001B;[0m

SUMMARY
========

CLEAR PARAMETERS
 * /led/led_effect/

PARAMETERS
 * /led/led_effect/notify/startup/b: 255
 * /led/led_effect/notify/startup/g: 255
 * /led/led_effect/notify/startup/r: 255
 * /mavros/conn/heartbeat_rate: 1.0
 * /mavros/conn/system_time_rate: 1.0
 * /mavros/conn/timeout: 10.0
 * /mavros/conn/timesync_rate: 10.0
 * /mavros/distance_sensor/rangefinder/field_of_view: 0.5
 * /mavros/distance_sensor/rangefinder/frame_id: rangefinder
 * /mavros/distance_sensor/rangefinder/id: 0
 * /mavros/distance_sensor/rangefinder/orientation: PITCH_270
 * /mavros/distance_sensor/rangefinder_sub/covariance: 1
 * /mavros/distance_sensor/rangefinder_sub/id: 1
 * /mavros/distance_sensor/rangefinder_sub/orientation: PITCH_270
 * /mavros/distance_sensor/rangefinder_sub/subscriber: True
 * /mavros/fake_gps/eph: 2.0
 * /mavros/fake_gps/epv: 2.0
 * /mavros/fake_gps/fix_type: 3
 * /mavros/fake_gps/geo_origin/alt: 408.0
 * /mavros/fake_gps/geo_origin/lat: 47.3667
 * /mavros/fake_gps/geo_origin/lon: 8.55
 * /mavros/fake_gps/gps_rate: 5.0
 * /mavros/fake_gps/mocap_transform: True
 * /mavros/fake_gps/satellites_visible: 5
 * /mavros/fake_gps/tf/child_frame_id: fix
 * /mavros/fake_gps/tf/frame_id: map
 * /mavros/fake_gps/tf/listen: False
 * /mavros/fake_gps/tf/rate_limit: 10.0
 * /mavros/fake_gps/tf/send: False
 * /mavros/fake_gps/use_mocap: True
 * /mavros/fake_gps/use_vision: False
 * /mavros/fcu_url: udp://@127.0.1:14557
 * /mavros/global_position/child_frame_id: base_link
 * /mavros/global_position/frame_id: map
 * /mavros/global_position/gps_uere: 1.0
 * /mavros/global_position/rot_covariance: 99999.0
 * /mavros/global_position/tf/child_frame_id: base_link
 * /mavros/global_position/tf/frame_id: map
 * /mavros/global_position/tf/global_frame_id: earth
 * /mavros/global_position/tf/send: False
 * /mavros/global_position/use_relative_alt: True
 * /mavros/imu/angular_velocity_stdev: 0.000349065850398...
 * /mavros/imu/frame_id: base_link
 * /mavros/imu/linear_acceleration_stdev: 0.0003
 * /mavros/imu/magnetic_stdev: 0.0
 * /mavros/imu/orientation_stdev: 1.0
 * /mavros/local_position/frame_id: map
 * /mavros/local_position/tf/send: True
 * /mavros/local_position/tf/send_fcu: False
 * /mavros/mission/pull_after_gcs: True
 * /mavros/mocap/use_pose: True
 * /mavros/mocap/use_tf: False
 * /mavros/odometry/in/child_frame_id: base_link
 * /mavros/odometry/in/frame_id: odom
 * /mavros/odometry/in/frame_tf/body_frame_orientation: flu
 * /mavros/odometry/in/frame_tf/local_frame: local_origin_ned
 * /mavros/odometry/out/frame_tf/body_frame_orientation: frd
 * /mavros/odometry/out/frame_tf/local_frame: vision_ned
 * /mavros/px4flow/frame_id: px4flow
 * /mavros/px4flow/ranger_fov: 0.11868238913561441
 * /mavros/px4flow/ranger_max_range: 5.0
 * /mavros/px4flow/ranger_min_range: 0.3
 * /mavros/setpoint_attitude/reverse_thrust: False
 * /mavros/setpoint_attitude/tf/child_frame_id: target_attitude
 * /mavros/setpoint_attitude/tf/frame_id: map
 * /mavros/setpoint_attitude/tf/listen: False
 * /mavros/setpoint_attitude/tf/rate_limit: 50.0
 * /mavros/setpoint_attitude/use_quaternion: True
 * /mavros/setpoint_position/mav_frame: LOCAL_NED
 * /mavros/setpoint_position/tf/child_frame_id: target_position
 * /mavros/setpoint_position/tf/frame_id: map
 * /mavros/setpoint_position/tf/listen: False
 * /mavros/setpoint_position/tf/rate_limit: 50.0
 * /mavros/setpoint_raw/thrust_scaling: 1.0
 * /mavros/setpoint_velocity/mav_frame: LOCAL_NED
 * /mavros/startup_px4_usb_quirk: False
 * /mavros/time/publish_sim_time: False
 * /mavros/time/time_ref_source: fcu
 * /mavros/time/timesync_avg_alpha: 0.6
 * /mavros/time/timesync_mode: MAVLINK
 * /mavros/vibration/frame_id: base_link
 * /mavros/vision_pose/tf/listen: False
 * /mavros/vision_speed/listen_twist: True
 * /mavros/vision_speed/twist_cov: True
 * /rosdistro: noetic
 * /rosversion: 1.16.0
 * /test_module: /home/clover/catk...
 * /visualization/child_frame_id: base_link
 * /visualization/fixed_frame_id: map
 * /visualization/marker_scale: 1
 * /visualization/max_track_size: 20
 * /visualization/num_rotors: 4
 * /web_video_server/default_stream_type: ros_compressed
 * /web_video_server/publish_rate: 1.0

NODES
  /
    clover_blocks (clover_blocks/clover_blocks)
    map_flipped_frame (tf2_ros/static_transform_publisher)
    mavros (mavros/mavros_node)
    rc (clover/rc)
    shell (clover/shell)
    simple_offboard (clover/simple_offboard)
    tf2_web_republisher (tf2_web_republisher/tf2_web_republisher)
    visualization (mavros_extras/visualization)
    web_video_server (web_video_server/web_video_server)
  /led/
    led_effect (clover/led)
  /main_camera/
    main_camera_throttle (topic_tools/throttle)

[ROSTEST]setup[/home/clover/catkin_ws/src/clover/clover/test/basic.test] run_id[e95f7c5c-d8c5-11ed-86ec-4d218940b1cd] done
[ROSTEST]Running test [basic_test]
&amp;#x001B;[1mROS_MASTER_URI=http://ubuntu:43227/&amp;#x001B;[0m
&amp;#x001B;[1msetting /run_id to e95f7c5c-d8c5-11ed-86ec-4d218940b1cd&amp;#x001B;[0m
&amp;#x001B;[1mprocess[mavros-1]: started with pid [48071]&amp;#x001B;[0m
&amp;#x001B;[1mprocess[visualization-2]: started with pid [48072]&amp;#x001B;[0m
&amp;#x001B;[1mprocess[web_video_server-3]: started with pid [48073]&amp;#x001B;[0m
&amp;#x001B;[1mprocess[map_flipped_frame-4]: started with pid [48074]&amp;#x001B;[0m
&amp;#x001B;[1mprocess[simple_offboard-5]: started with pid [48079]&amp;#x001B;[0m
&amp;#x001B;[1mprocess[tf2_web_republisher-6]: started with pid [48088]&amp;#x001B;[0m
&amp;#x001B;[1mprocess[rc-7]: started with pid [48097]&amp;#x001B;[0m
&amp;#x001B;[1mprocess[shell-8]: started with pid [48104]&amp;#x001B;[0m
&amp;#x001B;[1mprocess[led/led_effect-9]: started with pid [48117]&amp;#x001B;[0m
&amp;#x001B;[1mprocess[clover_blocks-10]: started with pid [48123]&amp;#x001B;[0m
&amp;#x001B;[1mprocess[main_camera/main_camera_throttle-11]: started with pid [48129]&amp;#x001B;[0m
[ROSTEST]running test basic_test
&amp;#x001B;[1mprocess[basic_test-12]: started with pid [48130]&amp;#x001B;[0m
&amp;#x001B;[1m[basic_test-12] process has finished cleanly
log file: /home/clover/.ros/log/e95f7c5c-d8c5-11ed-86ec-4d218940b1cd/basic_test-12*.log&amp;#x001B;[0m
[ROSTEST]test [basic_test] finished
[ROSTEST]test [basic_test] results are in [/home/clover/catkin_ws/build/test_results/clover/rosunit-basic_test.xml]
[ROSTEST]test [basic_test] results summary: 0 errors, 0 failures, 5 tests
[ROSTEST][ROSTEST] test [basic_test] done
[ROSTEST]tearDown[/home/clover/catkin_ws/src/clover/clover/test/basic.test]
shutting down processing monitor...
[main_camera/main_camera_throttle-11] killing on exit
[clover_blocks-10] killing on exit
[led/led_effect-9] killing on exit
[shell-8] killing on exit
[rc-7] killing on exit
[tf2_web_republisher-6] killing on exit
[simple_offboard-5] killing on exit
[map_flipped_frame-4] killing on exit
[web_video_server-3] killing on exit
[visualization-2] killing on exit
[mavros-1] killing on exit
... shutting down processing monitor complete
[ROSTEST]rostest teardown /home/clover/catkin_ws/src/clover/clover/test/basic.test complete

]]&gt;</system-out><system-err>&lt;![CDATA[

]]&gt;</system-err></testsuite>