<?xml version="1.0" encoding="utf-8"?><testsuites><testsuite errors="0" failures="0" hostname="ubuntu" name="pytest" skipped="0" tests="5" time="1.445" timestamp="2023-04-12T03:06:47.463923"><testcase classname="" file="../../../src/clover/clover/test/basic.py" line="11" name="test_state" time="0.055"></testcase><testcase classname="" file="../../../src/clover/clover/test/basic.py" line="18" name="test_simple_offboard_services_available" time="0.017"></testcase><testcase classname="" file="../../../src/clover/clover/test/basic.py" line="29" name="test_web_video_server" time="0.006"></testcase><testcase classname="" file="../../../src/clover/clover/test/basic.py" line="38" name="test_blocks" time="0.118"></testcase><testcase classname="" file="../../../src/clover/clover/test/basic.py" line="64" name="test_long_callback" time="1.103"></testcase></testsuite></testsuites>