<?xml version="1.0" encoding="UTF-8"?>
<testsuites tests="28" failures="0" disabled="0" errors="0" time="0.005" timestamp="2023-04-12T03:06:52" name="AllTests">
  <testsuite name="ThreeAxisRot" tests="7" failures="0" disabled="0" errors="0" time="0.002" timestamp="2023-04-12T03:06:52">
    <testcase name="Test1" status="run" result="completed" time="0.001" timestamp="2023-04-12T03:06:52" classname="ThreeAxisRot" />
    <testcase name="Test2" status="run" result="completed" time="0" timestamp="2023-04-12T03:06:52" classname="ThreeAxisRot" />
    <testcase name="Test3" status="run" result="completed" time="0" timestamp="2023-04-12T03:06:52" classname="ThreeAxisRot" />
    <testcase name="Test4" status="run" result="completed" time="0" timestamp="2023-04-12T03:06:52" classname="ThreeAxisRot" />
    <testcase name="Test5" status="run" result="completed" time="0" timestamp="2023-04-12T03:06:52" classname="ThreeAxisRot" />
    <testcase name="Test6" status="run" result="completed" time="0" timestamp="2023-04-12T03:06:52" classname="ThreeAxisRot" />
    <testcase name="Test7" status="run" result="completed" time="0" timestamp="2023-04-12T03:06:52" classname="ThreeAxisRot" />
  </testsuite>
  <testsuite name="NormalizeAbout" tests="7" failures="0" disabled="0" errors="0" time="0.001" timestamp="2023-04-12T03:06:52">
    <testcase name="Test1" status="run" result="completed" time="0" timestamp="2023-04-12T03:06:52" classname="NormalizeAbout" />
    <testcase name="Test2" status="run" result="completed" time="0" timestamp="2023-04-12T03:06:52" classname="NormalizeAbout" />
    <testcase name="Test3" status="run" result="completed" time="0" timestamp="2023-04-12T03:06:52" classname="NormalizeAbout" />
    <testcase name="Test4" status="run" result="completed" time="0" timestamp="2023-04-12T03:06:52" classname="NormalizeAbout" />
    <testcase name="Test5" status="run" result="completed" time="0" timestamp="2023-04-12T03:06:52" classname="NormalizeAbout" />
    <testcase name="Test6" status="run" result="completed" time="0" timestamp="2023-04-12T03:06:52" classname="NormalizeAbout" />
    <testcase name="Test7" status="run" result="completed" time="0" timestamp="2023-04-12T03:06:52" classname="NormalizeAbout" />
  </testsuite>
  <testsuite name="ShortestAngularDistance" tests="7" failures="0" disabled="0" errors="0" time="0" timestamp="2023-04-12T03:06:52">
    <testcase name="Test1" status="run" result="completed" time="0" timestamp="2023-04-12T03:06:52" classname="ShortestAngularDistance" />
    <testcase name="Test2" status="run" result="completed" time="0" timestamp="2023-04-12T03:06:52" classname="ShortestAngularDistance" />
    <testcase name="Test3" status="run" result="completed" time="0" timestamp="2023-04-12T03:06:52" classname="ShortestAngularDistance" />
    <testcase name="Test4" status="run" result="completed" time="0" timestamp="2023-04-12T03:06:52" classname="ShortestAngularDistance" />
    <testcase name="Test5" status="run" result="completed" time="0" timestamp="2023-04-12T03:06:52" classname="ShortestAngularDistance" />
    <testcase name="Test6" status="run" result="completed" time="0" timestamp="2023-04-12T03:06:52" classname="ShortestAngularDistance" />
    <testcase name="Test7" status="run" result="completed" time="0" timestamp="2023-04-12T03:06:52" classname="ShortestAngularDistance" />
  </testsuite>
  <testsuite name="QtoZXY" tests="7" failures="0" disabled="0" errors="0" time="0" timestamp="2023-04-12T03:06:52">
    <testcase name="Test1" status="run" result="completed" time="0" timestamp="2023-04-12T03:06:52" classname="QtoZXY" />
    <testcase name="Test2" status="run" result="completed" time="0" timestamp="2023-04-12T03:06:52" classname="QtoZXY" />
    <testcase name="Test3" status="run" result="completed" time="0" timestamp="2023-04-12T03:06:52" classname="QtoZXY" />
    <testcase name="Test4" status="run" result="completed" time="0" timestamp="2023-04-12T03:06:52" classname="QtoZXY" />
    <testcase name="Test5" status="run" result="completed" time="0" timestamp="2023-04-12T03:06:52" classname="QtoZXY" />
    <testcase name="Test6" status="run" result="completed" time="0" timestamp="2023-04-12T03:06:52" classname="QtoZXY" />
    <testcase name="Test7" status="run" result="completed" time="0" timestamp="2023-04-12T03:06:52" classname="QtoZXY" />
  </testsuite>
</testsuites>
