<?xml version="1.0" encoding="utf-8"?>
<testsuite errors="0" failures="0" name="unittest.suite.TestSuite" tests="1" time="1.960"><testcase classname="rostest.runner.RosTest" name="testtest_aruco_pose_largemap" time="1.9599" /><system-out>&lt;![CDATA[
[ROSTEST]setup[/home/clover/catkin_ws/src/clover/aruco_pose/test/largemap.test] run_id[f98c7a94-d8c5-11ed-86ec-4d218940b1cd] starting
&amp;#x001B;[1mstarted roslaunch server http://ubuntu:41199/&amp;#x001B;[0m

SUMMARY
========

CLEAR PARAMETERS
 * /aruco_map/

PARAMETERS
 * /aruco_map/map: /home/clover/catk...
 * /aruco_map/type: map
 * /rosdistro: noetic
 * /rosversion: 1.16.0

NODES
  /
    aruco_map (nodelet/nodelet)
    nodelet_manager (nodelet/nodelet)

[ROSTEST]setup[/home/clover/catkin_ws/src/clover/aruco_pose/test/largemap.test] run_id[f98c7a94-d8c5-11ed-86ec-4d218940b1cd] done
[ROSTEST]Running test [test_aruco_pose_largemap]
&amp;#x001B;[1mROS_MASTER_URI=http://ubuntu:42625/&amp;#x001B;[0m
&amp;#x001B;[1msetting /run_id to f98c7a94-d8c5-11ed-86ec-4d218940b1cd&amp;#x001B;[0m
&amp;#x001B;[1mprocess[nodelet_manager-1]: started with pid [48681]&amp;#x001B;[0m
&amp;#x001B;[1mprocess[aruco_map-2]: started with pid [48682]&amp;#x001B;[0m
[ROSTEST]running test test_aruco_pose_largemap
&amp;#x001B;[1mprocess[test_aruco_pose_largemap-3]: started with pid [48683]&amp;#x001B;[0m
&amp;#x001B;[1m[test_aruco_pose_largemap-3] process has finished cleanly
log file: /home/clover/.ros/log/f98c7a94-d8c5-11ed-86ec-4d218940b1cd/test_aruco_pose_largemap-3*.log&amp;#x001B;[0m
[ROSTEST]test [test_aruco_pose_largemap] finished
[ROSTEST]test [test_aruco_pose_largemap] results are in [/home/clover/catkin_ws/build/test_results/aruco_pose/rosunit-test_aruco_pose_largemap.xml]
[ROSTEST]test [test_aruco_pose_largemap] results summary: 0 errors, 0 failures, 2 tests
[ROSTEST][ROSTEST] test [test_aruco_pose_largemap] done
[ROSTEST]tearDown[/home/clover/catkin_ws/src/clover/aruco_pose/test/largemap.test]
shutting down processing monitor...
[aruco_map-2] killing on exit
[nodelet_manager-1] killing on exit
... shutting down processing monitor complete
[ROSTEST]rostest teardown /home/clover/catkin_ws/src/clover/aruco_pose/test/largemap.test complete

]]&gt;</system-out><system-err>&lt;![CDATA[

]]&gt;</system-err></testsuite>