<?xml version="1.0" encoding="utf-8"?><testsuites><testsuite errors="0" failures="0" hostname="ubuntu" name="pytest" skipped="0" tests="3" time="0.352" timestamp="2023-04-12T03:07:06.558517"><testcase classname="" file="../../../src/clover/aruco_pose/test/crash_opencv.py" line="10" name="test_opencv_crashes_img01" time="0.089"></testcase><testcase classname="" file="../../../src/clover/aruco_pose/test/crash_opencv.py" line="13" name="test_opencv_crashes_img02" time="0.072"></testcase><testcase classname="" file="../../../src/clover/aruco_pose/test/crash_opencv.py" line="16" name="test_opencv_crashes_img03" time="0.091"></testcase></testsuite></testsuites>